<?xml version="1.0" encoding="UTF-8"?>
<!-- Generated by org.testng.reporters.JUnitReportReporter -->
<testsuite hostname="Welcome-PC" failures="0" tests="1" name="ExcerciseOne" time="15.887" errors="0" timestamp="14 Apr 2018 18:03:27 GMT" skipped="0">
  <testcase classname="ExcerciseOne" name="primePageValidation" time="15.887"/>
</testsuite> <!-- ExcerciseOne -->
